<?xml version="1.0" encoding="UTF-8"?>
<!-- Generated by org.testng.reporters.JUnitReportReporter -->
<testsuite skipped="0" hostname="Mamun" name="learnSeqParallel.Normal" tests="1" failures="0" timestamp="2020-12-08T00:36:29 EST" time="17.761" errors="0">
  <testcase name="normal" time="17.761" classname="learnSeqParallel.Normal"/>
</testsuite> <!-- learnSeqParallel.Normal -->
