<?xml version="1.0" encoding="UTF-8"?>
<!-- Generated by org.testng.reporters.JUnitReportReporter -->
<testsuite skipped="0" hostname="Mamun" name="testNG.LearnPriority" tests="3" failures="0" timestamp="2020-12-01T00:24:02 EST" time="0.008" errors="0">
  <testcase name="test1" time="0.005" classname="testNG.LearnPriority"/>
  <testcase name="test" time="0.002" classname="testNG.LearnPriority"/>
  <testcase name="test2" time="0.001" classname="testNG.LearnPriority"/>
</testsuite> <!-- testNG.LearnPriority -->
