<?xml version="1.0" encoding="UTF-8"?>
<!-- Generated by org.testng.reporters.JUnitReportReporter -->
<testsuite skipped="0" hostname="Mamun" name="learnSeqParallel.Dropdown" tests="1" failures="0" timestamp="2020-12-08T00:36:00 EST" time="16.200" errors="0">
  <testcase name="dropdown" time="16.200" classname="learnSeqParallel.Dropdown"/>
</testsuite> <!-- learnSeqParallel.Dropdown -->
