<?xml version="1.0" encoding="UTF-8"?>
<!-- Generated by org.testng.reporters.JUnitReportReporter -->
<testsuite skipped="0" hostname="Mamun" name="parametarization.LoginStaticParameters" tests="2" failures="0" timestamp="2020-12-22T00:45:22 EST" time="48.976" errors="0">
  <testcase name="loginStaticParameters" time="30.983" classname="parametarization.LoginStaticParameters"/>
  <testcase name="loginStaticParameters" time="17.993" classname="parametarization.LoginStaticParameters"/>
</testsuite> <!-- parametarization.LoginStaticParameters -->
