<?xml version="1.0" encoding="UTF-8"?>
<!-- Generated by org.testng.reporters.JUnitReportReporter -->
<testsuite skipped="0" hostname="Mamun" name="learnInheritanceTestNG.Normal" tests="1" failures="0" timestamp="2020-12-08T00:06:30 EST" time="17.562" errors="0">
  <testcase name="normal" time="17.562" classname="learnInheritanceTestNG.Normal"/>
</testsuite> <!-- learnInheritanceTestNG.Normal -->
