<?xml version="1.0" encoding="UTF-8"?>
<!-- Generated by org.testng.reporters.JUnitReportReporter -->
<testsuite skipped="0" hostname="Mamun" name="seleniumDemo.BrowserTest" tests="1" failures="0" timestamp="2020-11-30T23:01:40 EST" time="5.134" errors="0">
  <testcase name="browserTest" time="5.134" classname="seleniumDemo.BrowserTest"/>
</testsuite> <!-- seleniumDemo.BrowserTest -->
