<?xml version="1.0" encoding="UTF-8"?>
<!-- Generated by org.testng.reporters.JUnitReportReporter -->
<testsuite skipped="0" hostname="Mamun" name="testNG.BrowserTest" tests="1" failures="0" timestamp="2020-11-30T23:17:24 EST" time="4.631" errors="0">
  <testcase name="browserTest" time="4.631" classname="testNG.BrowserTest"/>
</testsuite> <!-- testNG.BrowserTest -->
