<?xml version="1.0" encoding="UTF-8"?>
<!-- Generated by org.testng.reporters.JUnitReportReporter -->
<testsuite skipped="0" hostname="Mamun" name="learnInheritanceTestNG.Dropdown" tests="1" failures="0" timestamp="2020-12-08T00:32:01 EST" time="38.454" errors="0">
  <testcase name="dropdown" time="38.454" classname="learnInheritanceTestNG.Dropdown"/>
</testsuite> <!-- learnInheritanceTestNG.Dropdown -->
