<?xml version="1.0" encoding="UTF-8"?>
<!-- Generated by org.testng.reporters.JUnitReportReporter -->
<testsuite skipped="0" hostname="Mamun" name="testNG.TngAnnotation" tests="1" failures="0" timestamp="2020-12-01T00:12:08 EST" time="0.005" errors="0">
  <testcase name="test" time="0.005" classname="testNG.TngAnnotation"/>
</testsuite> <!-- testNG.TngAnnotation -->
