<?xml version="1.0" encoding="UTF-8"?>
<!-- Generated by org.testng.reporters.JUnitReportReporter -->
<testsuite skipped="0" hostname="Mamun" name="learnSequential.Normal" tests="1" failures="0" timestamp="2020-12-07T23:48:03 EST" time="17.732" errors="0">
  <testcase name="normal" time="17.732" classname="learnSequential.Normal"/>
</testsuite> <!-- learnSequential.Normal -->
